This file contains any messages produced by compilers while
running configure, to aid debugging if configure makes a mistake.

It was created by SoftHSM configure 2.3.0, which was
generated by GNU Autoconf 2.69.  Invocation command line was

  $ ./configure --disable-gost

## --------- ##
## Platform. ##
## --------- ##

hostname = caubexudua-Nitro-AN515-55
uname -m = x86_64
uname -r = 5.19.0-50-generic
uname -s = Linux
uname -v = #50-Ubuntu SMP PREEMPT_DYNAMIC Mon Jul 10 18:24:29 UTC 2023

/usr/bin/uname -p = x86_64
/bin/uname -X     = unknown

/bin/arch              = x86_64
/usr/bin/arch -k       = unknown
/usr/convex/getsysinfo = unknown
/usr/bin/hostinfo      = unknown
/bin/machine           = unknown
/usr/bin/oslevel       = unknown
/bin/universe          = unknown

PATH: /home/caubexudua/.sdkman/candidates/gradle/current/bin
PATH: /home/caubexudua/.pyenv/bin
PATH: /home/caubexudua/.local/bin
PATH: /usr/local/sbin
PATH: /usr/local/bin
PATH: /usr/sbin
PATH: /usr/bin
PATH: /sbin
PATH: /bin
PATH: /usr/games
PATH: /usr/local/games
PATH: /snap/bin
PATH: /snap/bin
PATH: /usr/lib/jvm/java-17-openjdk-amd64/bin
PATH: /home/nghiem/Android/Sdk/tools
PATH: /home/nghiem/Android/Sdk/tools/bin
PATH: /home/nghiem/Android/Sdk/platform-tool
PATH: /usr/local/go/bin
PATH: /home/nghiem/.local/bin


## ----------- ##
## Core tests. ##
## ----------- ##

configure:2498: checking for a BSD-compatible install
configure:2566: result: /usr/bin/install -c
configure:2577: checking whether build environment is sane
configure:2632: result: yes
configure:2783: checking for a thread-safe mkdir -p
configure:2822: result: /usr/bin/mkdir -p
configure:2829: checking for gawk
configure:2859: result: no
configure:2829: checking for mawk
configure:2845: found /usr/bin/mawk
configure:2856: result: mawk
configure:2867: checking whether make sets $(MAKE)
configure:2889: result: yes
configure:2918: checking whether make supports nested variables
configure:2935: result: yes
configure:3067: sysconfdir set to /etc
configure:3075: localstate set to /var
configure:3136: checking for gcc
configure:3152: found /usr/bin/gcc
configure:3163: result: gcc
configure:3392: checking for C compiler version
configure:3401: gcc --version >&5
gcc (Ubuntu 11.4.0-1ubuntu1~22.04) 11.4.0
Copyright (C) 2021 Free Software Foundation, Inc.
This is free software; see the source for copying conditions.  There is NO
warranty; not even for MERCHANTABILITY or FITNESS FOR A PARTICULAR PURPOSE.

configure:3412: $? = 0
configure:3401: gcc -v >&5
Using built-in specs.
COLLECT_GCC=gcc
COLLECT_LTO_WRAPPER=/usr/lib/gcc/x86_64-linux-gnu/11/lto-wrapper
OFFLOAD_TARGET_NAMES=nvptx-none:amdgcn-amdhsa
OFFLOAD_TARGET_DEFAULT=1
Target: x86_64-linux-gnu
Configured with: ../src/configure -v --with-pkgversion='Ubuntu 11.4.0-1ubuntu1~22.04' --with-bugurl=file:///usr/share/doc/gcc-11/README.Bugs --enable-languages=c,ada,c++,go,brig,d,fortran,objc,obj-c++,m2 --prefix=/usr --with-gcc-major-version-only --program-suffix=-11 --program-prefix=x86_64-linux-gnu- --enable-shared --enable-linker-build-id --libexecdir=/usr/lib --without-included-gettext --enable-threads=posix --libdir=/usr/lib --enable-nls --enable-bootstrap --enable-clocale=gnu --enable-libstdcxx-debug --enable-libstdcxx-time=yes --with-default-libstdcxx-abi=new --enable-gnu-unique-object --disable-vtable-verify --enable-plugin --enable-default-pie --with-system-zlib --enable-libphobos-checking=release --with-target-system-zlib=auto --enable-objc-gc=auto --enable-multiarch --disable-werror --enable-cet --with-arch-32=i686 --with-abi=m64 --with-multilib-list=m32,m64,mx32 --enable-multilib --with-tune=generic --enable-offload-targets=nvptx-none=/build/gcc-11-XeT9lY/gcc-11-11.4.0/debian/tmp-nvptx/usr,amdgcn-amdhsa=/build/gcc-11-XeT9lY/gcc-11-11.4.0/debian/tmp-gcn/usr --without-cuda-driver --enable-checking=release --build=x86_64-linux-gnu --host=x86_64-linux-gnu --target=x86_64-linux-gnu --with-build-config=bootstrap-lto-lean --enable-link-serialization=2
Thread model: posix
Supported LTO compression algorithms: zlib zstd
gcc version 11.4.0 (Ubuntu 11.4.0-1ubuntu1~22.04) 
... rest of stderr output deleted ...
configure:3412: $? = 0
configure:3401: gcc -V >&5
gcc: error: unrecognized command-line option '-V'
gcc: fatal error: no input files
compilation terminated.
configure:3412: $? = 1
configure:3401: gcc -qversion >&5
gcc: error: unrecognized command-line option '-qversion'; did you mean '--version'?
gcc: fatal error: no input files
compilation terminated.
configure:3412: $? = 1
configure:3432: checking whether the C compiler works
configure:3454: gcc    conftest.c  >&5
configure:3458: $? = 0
configure:3506: result: yes
configure:3509: checking for C compiler default output file name
configure:3511: result: a.out
configure:3517: checking for suffix of executables
configure:3524: gcc -o conftest    conftest.c  >&5
configure:3528: $? = 0
configure:3550: result: 
configure:3572: checking whether we are cross compiling
configure:3580: gcc -o conftest    conftest.c  >&5
configure:3584: $? = 0
configure:3591: ./conftest
configure:3595: $? = 0
configure:3610: result: no
configure:3615: checking for suffix of object files
configure:3637: gcc -c   conftest.c >&5
configure:3641: $? = 0
configure:3662: result: o
configure:3666: checking whether we are using the GNU C compiler
configure:3685: gcc -c   conftest.c >&5
configure:3685: $? = 0
configure:3694: result: yes
configure:3703: checking whether gcc accepts -g
configure:3723: gcc -c -g  conftest.c >&5
configure:3723: $? = 0
configure:3764: result: yes
configure:3781: checking for gcc option to accept ISO C89
configure:3844: gcc  -c -g -O2  conftest.c >&5
configure:3844: $? = 0
configure:3857: result: none needed
configure:3882: checking whether gcc understands -c and -o together
configure:3904: gcc -c conftest.c -o conftest2.o
configure:3907: $? = 0
configure:3904: gcc -c conftest.c -o conftest2.o
configure:3907: $? = 0
configure:3919: result: yes
configure:3947: checking for style of include used by make
configure:3975: result: GNU
configure:4001: checking dependency style of gcc
configure:4112: result: gcc3
configure:4185: checking for g++
configure:4201: found /usr/bin/g++
configure:4212: result: g++
configure:4239: checking for C++ compiler version
configure:4248: g++ --version >&5
g++ (Ubuntu 11.4.0-1ubuntu1~22.04) 11.4.0
Copyright (C) 2021 Free Software Foundation, Inc.
This is free software; see the source for copying conditions.  There is NO
warranty; not even for MERCHANTABILITY or FITNESS FOR A PARTICULAR PURPOSE.

configure:4259: $? = 0
configure:4248: g++ -v >&5
Using built-in specs.
COLLECT_GCC=g++
COLLECT_LTO_WRAPPER=/usr/lib/gcc/x86_64-linux-gnu/11/lto-wrapper
OFFLOAD_TARGET_NAMES=nvptx-none:amdgcn-amdhsa
OFFLOAD_TARGET_DEFAULT=1
Target: x86_64-linux-gnu
Configured with: ../src/configure -v --with-pkgversion='Ubuntu 11.4.0-1ubuntu1~22.04' --with-bugurl=file:///usr/share/doc/gcc-11/README.Bugs --enable-languages=c,ada,c++,go,brig,d,fortran,objc,obj-c++,m2 --prefix=/usr --with-gcc-major-version-only --program-suffix=-11 --program-prefix=x86_64-linux-gnu- --enable-shared --enable-linker-build-id --libexecdir=/usr/lib --without-included-gettext --enable-threads=posix --libdir=/usr/lib --enable-nls --enable-bootstrap --enable-clocale=gnu --enable-libstdcxx-debug --enable-libstdcxx-time=yes --with-default-libstdcxx-abi=new --enable-gnu-unique-object --disable-vtable-verify --enable-plugin --enable-default-pie --with-system-zlib --enable-libphobos-checking=release --with-target-system-zlib=auto --enable-objc-gc=auto --enable-multiarch --disable-werror --enable-cet --with-arch-32=i686 --with-abi=m64 --with-multilib-list=m32,m64,mx32 --enable-multilib --with-tune=generic --enable-offload-targets=nvptx-none=/build/gcc-11-XeT9lY/gcc-11-11.4.0/debian/tmp-nvptx/usr,amdgcn-amdhsa=/build/gcc-11-XeT9lY/gcc-11-11.4.0/debian/tmp-gcn/usr --without-cuda-driver --enable-checking=release --build=x86_64-linux-gnu --host=x86_64-linux-gnu --target=x86_64-linux-gnu --with-build-config=bootstrap-lto-lean --enable-link-serialization=2
Thread model: posix
Supported LTO compression algorithms: zlib zstd
gcc version 11.4.0 (Ubuntu 11.4.0-1ubuntu1~22.04) 
... rest of stderr output deleted ...
configure:4259: $? = 0
configure:4248: g++ -V >&5
g++: error: unrecognized command-line option '-V'
g++: fatal error: no input files
compilation terminated.
configure:4259: $? = 1
configure:4248: g++ -qversion >&5
g++: error: unrecognized command-line option '-qversion'; did you mean '--version'?
g++: fatal error: no input files
compilation terminated.
configure:4259: $? = 1
configure:4263: checking whether we are using the GNU C++ compiler
configure:4282: g++ -c   conftest.cpp >&5
configure:4282: $? = 0
configure:4291: result: yes
configure:4300: checking whether g++ accepts -g
configure:4320: g++ -c -g  conftest.cpp >&5
configure:4320: $? = 0
configure:4361: result: yes
configure:4386: checking dependency style of g++
configure:4497: result: gcc3
configure:4609: checking whether g++ supports C++11 features by default
configure:4647: g++ -c -g -O2 -Wall -Wextra  conftest.cpp >&5
configure:4647: $? = 0
configure:4654: result: yes
configure:4751: checking for dlopen
configure:4751: gcc -o conftest -g -O2 -pedantic -Wall -Wextra   conftest.c  >&5
configure:4751: $? = 0
configure:4751: result: yes
configure:4827: checking how to run the C preprocessor
configure:4858: gcc -E  conftest.c
configure:4858: $? = 0
configure:4872: gcc -E  conftest.c
conftest.c:13:10: fatal error: ac_nonexistent.h: No such file or directory
   13 | #include <ac_nonexistent.h>
      |          ^~~~~~~~~~~~~~~~~~
compilation terminated.
configure:4872: $? = 1
configure: failed program was:
| /* confdefs.h */
| #define PACKAGE_NAME "SoftHSM"
| #define PACKAGE_TARNAME "softhsm"
| #define PACKAGE_VERSION "2.3.0"
| #define PACKAGE_STRING "SoftHSM 2.3.0"
| #define PACKAGE_BUGREPORT ""
| #define PACKAGE_URL ""
| #define PACKAGE "softhsm"
| #define VERSION "2.3.0"
| #define HAVE_CXX11 1
| #define HAVE_DLOPEN 1
| /* end confdefs.h.  */
| #include <ac_nonexistent.h>
configure:4897: result: gcc -E
configure:4917: gcc -E  conftest.c
configure:4917: $? = 0
configure:4931: gcc -E  conftest.c
conftest.c:13:10: fatal error: ac_nonexistent.h: No such file or directory
   13 | #include <ac_nonexistent.h>
      |          ^~~~~~~~~~~~~~~~~~
compilation terminated.
configure:4931: $? = 1
configure: failed program was:
| /* confdefs.h */
| #define PACKAGE_NAME "SoftHSM"
| #define PACKAGE_TARNAME "softhsm"
| #define PACKAGE_VERSION "2.3.0"
| #define PACKAGE_STRING "SoftHSM 2.3.0"
| #define PACKAGE_BUGREPORT ""
| #define PACKAGE_URL ""
| #define PACKAGE "softhsm"
| #define VERSION "2.3.0"
| #define HAVE_CXX11 1
| #define HAVE_DLOPEN 1
| /* end confdefs.h.  */
| #include <ac_nonexistent.h>
configure:4960: checking for grep that handles long lines and -e
configure:5018: result: /usr/bin/grep
configure:5023: checking for egrep
configure:5085: result: /usr/bin/grep -E
configure:5090: checking for ANSI C header files
configure:5110: gcc -c -g -O2 -pedantic -Wall -Wextra  conftest.c >&5
configure:5110: $? = 0
configure:5183: gcc -o conftest -g -O2 -pedantic -Wall -Wextra   conftest.c  >&5
configure:5183: $? = 0
configure:5183: ./conftest
configure:5183: $? = 0
configure:5194: result: yes
configure:5207: checking for sys/types.h
configure:5207: gcc -c -g -O2 -pedantic -Wall -Wextra  conftest.c >&5
configure:5207: $? = 0
configure:5207: result: yes
configure:5207: checking for sys/stat.h
configure:5207: gcc -c -g -O2 -pedantic -Wall -Wextra  conftest.c >&5
configure:5207: $? = 0
configure:5207: result: yes
configure:5207: checking for stdlib.h
configure:5207: gcc -c -g -O2 -pedantic -Wall -Wextra  conftest.c >&5
configure:5207: $? = 0
configure:5207: result: yes
configure:5207: checking for string.h
configure:5207: gcc -c -g -O2 -pedantic -Wall -Wextra  conftest.c >&5
configure:5207: $? = 0
configure:5207: result: yes
configure:5207: checking for memory.h
configure:5207: gcc -c -g -O2 -pedantic -Wall -Wextra  conftest.c >&5
configure:5207: $? = 0
configure:5207: result: yes
configure:5207: checking for strings.h
configure:5207: gcc -c -g -O2 -pedantic -Wall -Wextra  conftest.c >&5
configure:5207: $? = 0
configure:5207: result: yes
configure:5207: checking for inttypes.h
configure:5207: gcc -c -g -O2 -pedantic -Wall -Wextra  conftest.c >&5
configure:5207: $? = 0
configure:5207: result: yes
configure:5207: checking for stdint.h
configure:5207: gcc -c -g -O2 -pedantic -Wall -Wextra  conftest.c >&5
configure:5207: $? = 0
configure:5207: result: yes
configure:5207: checking for unistd.h
configure:5207: gcc -c -g -O2 -pedantic -Wall -Wextra  conftest.c >&5
configure:5207: $? = 0
configure:5207: result: yes
configure:5221: checking pthread.h usability
configure:5221: gcc -c -g -O2 -pedantic -Wall -Wextra  conftest.c >&5
configure:5221: $? = 0
configure:5221: result: yes
configure:5221: checking pthread.h presence
configure:5221: gcc -E  conftest.c
configure:5221: $? = 0
configure:5221: result: yes
configure:5221: checking for pthread.h
configure:5221: result: yes
configure:5245: checking for ECC support
configure:5248: result: yes
configure:5276: checking for GOST support
configure:5287: result: no
configure:5309: checking for FIPS 140-2 mode
configure:5320: result: no
configure:5344: checking for crypto backend
configure:5348: result: OpenSSL
configure:5525: checking what are the OpenSSL includes
configure:5528: result: -I/usr/local/include
configure:5531: checking what are the OpenSSL libs
configure:5534: result: -L/usr/local/lib -lcrypto
configure:5545: checking openssl/ssl.h usability
configure:5545: gcc -c -g -O2 -pedantic -Wall -Wextra  -I/usr/local/include conftest.c >&5
configure:5545: $? = 0
configure:5545: result: yes
configure:5545: checking openssl/ssl.h presence
configure:5545: gcc -E  -I/usr/local/include conftest.c
configure:5545: $? = 0
configure:5545: result: yes
configure:5545: checking for openssl/ssl.h
configure:5545: result: yes
configure:5557: checking for BN_new in -lcrypto
configure:5582: gcc -o conftest -g -O2 -pedantic -Wall -Wextra  -I/usr/local/include  conftest.c -lcrypto  -L/usr/local/lib -lcrypto  >&5
configure:5582: $? = 0
configure:5591: result: yes
configure:5605: checking for OpenSSL version
configure:5640: gcc -o conftest -g -O2 -pedantic -Wall -Wextra  -I/usr/local/include  conftest.c -lcrypto -L/usr/local/lib -lcrypto  >&5
configure:5640: $? = 0
configure:5640: ./conftest
configure:5640: $? = 0
configure:5642: result: >= 1.0.0
configure:5676: checking for OpenSSL ECC support
configure:5717: gcc -o conftest -g -O2 -pedantic -Wall -Wextra  -I/usr/local/include  conftest.c -L/usr/local/lib -lcrypto  >&5
conftest.c: In function 'main':
conftest.c:35:33: warning: 'EC_KEY_new_by_curve_name' is deprecated: Since OpenSSL 3.0 [-Wdeprecated-declarations]
   35 |                                 ec256 = EC_KEY_new_by_curve_name(NID_X9_62_prime256v1);
      |                                 ^~~~~
In file included from /usr/include/openssl/ecdsa.h:10,
                 from conftest.c:29:
/usr/include/openssl/ec.h:998:31: note: declared here
  998 | OSSL_DEPRECATEDIN_3_0 EC_KEY *EC_KEY_new_by_curve_name(int nid);
      |                               ^~~~~~~~~~~~~~~~~~~~~~~~
conftest.c:36:33: warning: 'EC_KEY_new_by_curve_name' is deprecated: Since OpenSSL 3.0 [-Wdeprecated-declarations]
   36 |                                 ec384 = EC_KEY_new_by_curve_name(NID_secp384r1);
      |                                 ^~~~~
In file included from /usr/include/openssl/ecdsa.h:10,
                 from conftest.c:29:
/usr/include/openssl/ec.h:998:31: note: declared here
  998 | OSSL_DEPRECATEDIN_3_0 EC_KEY *EC_KEY_new_by_curve_name(int nid);
      |                               ^~~~~~~~~~~~~~~~~~~~~~~~
conftest.c:37:33: warning: 'EC_KEY_new_by_curve_name' is deprecated: Since OpenSSL 3.0 [-Wdeprecated-declarations]
   37 |                                 ec521 = EC_KEY_new_by_curve_name(NID_secp521r1);
      |                                 ^~~~~
In file included from /usr/include/openssl/ecdsa.h:10,
                 from conftest.c:29:
/usr/include/openssl/ec.h:998:31: note: declared here
  998 | OSSL_DEPRECATEDIN_3_0 EC_KEY *EC_KEY_new_by_curve_name(int nid);
      |                               ^~~~~~~~~~~~~~~~~~~~~~~~
configure:5717: $? = 0
configure:5717: ./conftest
configure:5717: $? = 0
configure:5719: result: Found P256, P384, and P521
configure:5932: checking OpenSSL EVP interface for AES key wrapping
configure:5961: gcc -o conftest -g -O2 -pedantic -Wall -Wextra  -I/usr/local/include  conftest.c -L/usr/local/lib -lcrypto  >&5
configure:5961: $? = 0
configure:5963: result: RFC 3394 is supported
configure:5978: checking OpenSSL EVP interface for AES key wrapping with pad
configure:5993: gcc -o conftest -g -O2 -pedantic -Wall -Wextra  -I/usr/local/include  conftest.c -L/usr/local/lib -lcrypto  >&5
configure:5993: $? = 0
configure:5995: result: RFC 5649 is supported
configure:6697: checking for non-paged memory for secure storage
configure:6701: result: enabled
configure:6710: checking sys/mman.h usability
configure:6710: gcc -c -g -O2 -pedantic -Wall -Wextra  conftest.c >&5
configure:6710: $? = 0
configure:6710: result: yes
configure:6710: checking sys/mman.h presence
configure:6710: gcc -E  conftest.c
configure:6710: $? = 0
configure:6710: result: yes
configure:6710: checking for sys/mman.h
configure:6710: result: yes
configure:6721: checking the maximum size that may be locked into memory
configure:6724: result: 2024636
configure:6753: WARNING:
======================================================================
SoftHSM has been configured to store sensitive data in non-page RAM
(i.e. memory that is not swapped out to disk). This is the default and
most secure configuration. Your system, however, is not configured to
support this model in non-privileged accounts (i.e. user accounts).

You can check the setting on your system by running the following
command in a shell:

	ulimit -l

If this does not return "unlimited" and you plan to run SoftHSM from
non-privileged accounts then you should edit the configuration file
/etc/security/limits.conf (on most systems).

You will need to add the following lines to this file:

#<domain>	<type>		<item>		<value>
*		-		memlock		unlimited

Alternatively, you can elect to disable this feature of SoftHSM by
re-running configure with the option "--disable-non-paged-memory".
Please be advised that this may seriously degrade the security of
SoftHSM.
======================================================================
configure:6798: checking if building with softhsm2-migrate
configure:6898: result: no
configure:6920: checking if building database object store backend
configure:6931: result: no
configure:6944: checking if SQLite3 required
configure:7148: result: no
configure:7192: checking for p11-kit integration
configure:7195: result: yes
configure:7200: checking for pkg-config
configure:7218: found /usr/bin/pkg-config
configure:7230: result: /usr/bin/pkg-config
configure:7242: checking where to install the p11-kit module
configure:7244: result: 
configure:7247: WARNING: Missing install path for the p11-kit module, skipping module
configure:7270: checking for cppunit-config
configure:7303: result: no
configure:7310: checking for pkg-config
configure:7328: found /usr/bin/pkg-config
configure:7340: result: /usr/bin/pkg-config
configure:7360: checking cppunit cflags
configure:7363: result: 
configure:7365: checking cppunit libs
configure:7368: result: 
configure:7390: checking for getpwuid_r
configure:7390: gcc -o conftest -g -O2 -pedantic -Wall -Wextra -fvisibility=hidden   conftest.c  >&5
configure:7390: $? = 0
configure:7390: result: yes
configure:7482: checking build system type
configure:7496: result: x86_64-unknown-linux-gnu
configure:7516: checking host system type
configure:7529: result: x86_64-unknown-linux-gnu
configure:7570: checking how to print strings
configure:7597: result: printf
configure:7618: checking for a sed that does not truncate output
configure:7682: result: /usr/bin/sed
configure:7700: checking for fgrep
configure:7762: result: /usr/bin/grep -F
configure:7797: checking for ld used by gcc
configure:7864: result: /usr/bin/ld
configure:7871: checking if the linker (/usr/bin/ld) is GNU ld
configure:7886: result: yes
configure:7898: checking for BSD- or MS-compatible name lister (nm)
configure:7947: result: /usr/bin/nm -B
configure:8077: checking the name lister (/usr/bin/nm -B) interface
configure:8084: gcc -c -g -O2 -pedantic -Wall -Wextra -fvisibility=hidden  conftest.c >&5
configure:8087: /usr/bin/nm -B "conftest.o"
configure:8090: output
0000000000000000 B some_variable
configure:8097: result: BSD nm
configure:8100: checking whether ln -s works
configure:8104: result: yes
configure:8112: checking the maximum length of command line arguments
configure:8242: result: 1572864
configure:8259: checking whether the shell understands some XSI constructs
configure:8269: result: yes
configure:8273: checking whether the shell understands "+="
configure:8279: result: yes
configure:8314: checking how to convert x86_64-unknown-linux-gnu file names to x86_64-unknown-linux-gnu format
configure:8354: result: func_convert_file_noop
configure:8361: checking how to convert x86_64-unknown-linux-gnu file names to toolchain format
configure:8381: result: func_convert_file_noop
configure:8388: checking for /usr/bin/ld option to reload object files
configure:8395: result: -r
configure:8469: checking for objdump
configure:8485: found /usr/bin/objdump
configure:8496: result: objdump
configure:8528: checking how to recognize dependent libraries
configure:8730: result: pass_all
configure:8815: checking for dlltool
configure:8845: result: no
configure:8875: checking how to associate runtime and link libraries
configure:8902: result: printf %s\n
configure:8962: checking for ar
configure:8978: found /usr/bin/ar
configure:8989: result: ar
configure:9026: checking for archiver @FILE support
configure:9043: gcc -c -g -O2 -pedantic -Wall -Wextra -fvisibility=hidden  conftest.c >&5
configure:9043: $? = 0
configure:9046: ar cru libconftest.a @conftest.lst >&5
ar: `u' modifier ignored since `D' is the default (see `U')
configure:9049: $? = 0
configure:9054: ar cru libconftest.a @conftest.lst >&5
ar: `u' modifier ignored since `D' is the default (see `U')
ar: conftest.o: No such file or directory
configure:9057: $? = 1
configure:9069: result: @
configure:9127: checking for strip
configure:9143: found /usr/bin/strip
configure:9154: result: strip
configure:9226: checking for ranlib
configure:9242: found /usr/bin/ranlib
configure:9253: result: ranlib
configure:9355: checking command to parse /usr/bin/nm -B output from gcc object
configure:9475: gcc -c -g -O2 -pedantic -Wall -Wextra -fvisibility=hidden  conftest.c >&5
configure:9478: $? = 0
configure:9482: /usr/bin/nm -B conftest.o \| sed -n -e 's/^.*[ ]\([ABCDGIRSTW][ABCDGIRSTW]*\)[ ][ ]*\([_A-Za-z][_A-Za-z0-9]*\)$/\1 \2 \2/p' | sed '/ __gnu_lto/d' \> conftest.nm
configure:9485: $? = 0
configure:9551: gcc -o conftest -g -O2 -pedantic -Wall -Wextra -fvisibility=hidden   conftest.c conftstm.o >&5
conftest.c:29:20: warning: ISO C forbids conversion of function pointer to object pointer type [-Wpedantic]
   29 |   {"nm_test_func", (void *) &nm_test_func},
      |                    ^
configure:9554: $? = 0
configure:9592: result: ok
configure:9629: checking for sysroot
configure:9659: result: no
configure:9736: gcc -c -g -O2 -pedantic -Wall -Wextra -fvisibility=hidden  conftest.c >&5
configure:9739: $? = 0
configure:9915: checking for mt
configure:9931: found /usr/bin/mt
configure:9942: result: mt
configure:9965: checking if mt is a manifest tool
configure:9971: mt '-?'
configure:9979: result: no
configure:10618: checking for dlfcn.h
configure:10618: gcc -c -g -O2 -pedantic -Wall -Wextra -fvisibility=hidden  conftest.c >&5
configure:10618: $? = 0
configure:10618: result: yes
configure:10834: checking for objdir
configure:10849: result: .libs
configure:11120: checking if gcc supports -fno-rtti -fno-exceptions
configure:11138: gcc -c -g -O2 -pedantic -Wall -Wextra -fvisibility=hidden  -fno-rtti -fno-exceptions conftest.c >&5
cc1: warning: command-line option '-fno-rtti' is valid for C++/D/ObjC++ but not for C
configure:11142: $? = 0
configure:11155: result: no
configure:11482: checking for gcc option to produce PIC
configure:11489: result: -fPIC -DPIC
configure:11497: checking if gcc PIC flag -fPIC -DPIC works
configure:11515: gcc -c -g -O2 -pedantic -Wall -Wextra -fvisibility=hidden  -fPIC -DPIC -DPIC conftest.c >&5
configure:11519: $? = 0
configure:11532: result: yes
configure:11561: checking if gcc static flag -static works
configure:11589: result: yes
configure:11604: checking if gcc supports -c -o file.o
configure:11625: gcc -c -g -O2 -pedantic -Wall -Wextra -fvisibility=hidden  -o out/conftest2.o conftest.c >&5
configure:11629: $? = 0
configure:11651: result: yes
configure:11659: checking if gcc supports -c -o file.o
configure:11706: result: yes
configure:11739: checking whether the gcc linker (/usr/bin/ld -m elf_x86_64) supports shared libraries
configure:12892: result: yes
configure:12929: checking whether -lc should be explicitly linked in
configure:12937: gcc -c -g -O2 -pedantic -Wall -Wextra -fvisibility=hidden  conftest.c >&5
configure:12940: $? = 0
configure:12955: gcc -shared  -fPIC -DPIC conftest.o  -v -Wl,-soname -Wl,conftest -o conftest 2\>\&1 \| /usr/bin/grep  -lc  \>/dev/null 2\>\&1
configure:12958: $? = 0
configure:12972: result: no
configure:13132: checking dynamic linker characteristics
configure:13643: gcc -o conftest -g -O2 -pedantic -Wall -Wextra -fvisibility=hidden   -Wl,-rpath -Wl,/foo conftest.c  >&5
configure:13643: $? = 0
configure:13865: result: GNU/Linux ld.so
configure:13972: checking how to hardcode library paths into programs
configure:13997: result: immediate
configure:14537: checking whether stripping libraries is possible
configure:14542: result: yes
configure:14577: checking if libtool supports shared libraries
configure:14579: result: yes
configure:14582: checking whether to build shared libraries
configure:14603: result: yes
configure:14606: checking whether to build static libraries
configure:14610: result: yes
configure:14633: checking how to run the C++ preprocessor
configure:14660: g++ -E  conftest.cpp
configure:14660: $? = 0
configure:14674: g++ -E  conftest.cpp
conftest.cpp:45:10: fatal error: ac_nonexistent.h: No such file or directory
   45 | #include <ac_nonexistent.h>
      |          ^~~~~~~~~~~~~~~~~~
compilation terminated.
configure:14674: $? = 1
configure: failed program was:
| /* confdefs.h */
| #define PACKAGE_NAME "SoftHSM"
| #define PACKAGE_TARNAME "softhsm"
| #define PACKAGE_VERSION "2.3.0"
| #define PACKAGE_STRING "SoftHSM 2.3.0"
| #define PACKAGE_BUGREPORT ""
| #define PACKAGE_URL ""
| #define PACKAGE "softhsm"
| #define VERSION "2.3.0"
| #define HAVE_CXX11 1
| #define HAVE_DLOPEN 1
| #define STDC_HEADERS 1
| #define HAVE_SYS_TYPES_H 1
| #define HAVE_SYS_STAT_H 1
| #define HAVE_STDLIB_H 1
| #define HAVE_STRING_H 1
| #define HAVE_MEMORY_H 1
| #define HAVE_STRINGS_H 1
| #define HAVE_INTTYPES_H 1
| #define HAVE_STDINT_H 1
| #define HAVE_UNISTD_H 1
| #define HAVE_PTHREAD_H 1
| #define WITH_ECC /**/
| #define HAVE_OPENSSL_SSL_H 1
| #define HAVE_LIBCRYPTO 1
| #define HAVE_AES_KEY_WRAP 1
| #define HAVE_AES_KEY_WRAP_PAD 1
| #define WITH_OPENSSL /**/
| #define SENSITIVE_NON_PAGE /**/
| #define HAVE_SYS_MMAN_H 1
| #define CRYPTOKI_VISIBILITY 1
| #define HAVE_GETPWUID_R 1
| #define VERSION_MAJOR 2
| #define VERSION_MINOR 3
| #define MAX_PIN_LEN 255
| #define MIN_PIN_LEN 4
| #define DEFAULT_SOFTHSM2_CONF "/etc/softhsm2.conf"
| #define DEFAULT_TOKENDIR "/var/lib/softhsm/tokens/"
| #define DEFAULT_OBJECTSTORE_BACKEND "file"
| #define DEFAULT_LOG_LEVEL "INFO"
| #define DEFAULT_PKCS11_LIB "/usr/local/lib/softhsm/libsofthsm2.so"
| #define HAVE_DLFCN_H 1
| #define LT_OBJDIR ".libs/"
| /* end confdefs.h.  */
| #include <ac_nonexistent.h>
configure:14699: result: g++ -E
configure:14719: g++ -E  conftest.cpp
configure:14719: $? = 0
configure:14733: g++ -E  conftest.cpp
conftest.cpp:45:10: fatal error: ac_nonexistent.h: No such file or directory
   45 | #include <ac_nonexistent.h>
      |          ^~~~~~~~~~~~~~~~~~
compilation terminated.
configure:14733: $? = 1
configure: failed program was:
| /* confdefs.h */
| #define PACKAGE_NAME "SoftHSM"
| #define PACKAGE_TARNAME "softhsm"
| #define PACKAGE_VERSION "2.3.0"
| #define PACKAGE_STRING "SoftHSM 2.3.0"
| #define PACKAGE_BUGREPORT ""
| #define PACKAGE_URL ""
| #define PACKAGE "softhsm"
| #define VERSION "2.3.0"
| #define HAVE_CXX11 1
| #define HAVE_DLOPEN 1
| #define STDC_HEADERS 1
| #define HAVE_SYS_TYPES_H 1
| #define HAVE_SYS_STAT_H 1
| #define HAVE_STDLIB_H 1
| #define HAVE_STRING_H 1
| #define HAVE_MEMORY_H 1
| #define HAVE_STRINGS_H 1
| #define HAVE_INTTYPES_H 1
| #define HAVE_STDINT_H 1
| #define HAVE_UNISTD_H 1
| #define HAVE_PTHREAD_H 1
| #define WITH_ECC /**/
| #define HAVE_OPENSSL_SSL_H 1
| #define HAVE_LIBCRYPTO 1
| #define HAVE_AES_KEY_WRAP 1
| #define HAVE_AES_KEY_WRAP_PAD 1
| #define WITH_OPENSSL /**/
| #define SENSITIVE_NON_PAGE /**/
| #define HAVE_SYS_MMAN_H 1
| #define CRYPTOKI_VISIBILITY 1
| #define HAVE_GETPWUID_R 1
| #define VERSION_MAJOR 2
| #define VERSION_MINOR 3
| #define MAX_PIN_LEN 255
| #define MIN_PIN_LEN 4
| #define DEFAULT_SOFTHSM2_CONF "/etc/softhsm2.conf"
| #define DEFAULT_TOKENDIR "/var/lib/softhsm/tokens/"
| #define DEFAULT_OBJECTSTORE_BACKEND "file"
| #define DEFAULT_LOG_LEVEL "INFO"
| #define DEFAULT_PKCS11_LIB "/usr/local/lib/softhsm/libsofthsm2.so"
| #define HAVE_DLFCN_H 1
| #define LT_OBJDIR ".libs/"
| /* end confdefs.h.  */
| #include <ac_nonexistent.h>
configure:14902: checking for ld used by g++
configure:14969: result: /usr/bin/ld -m elf_x86_64
configure:14976: checking if the linker (/usr/bin/ld -m elf_x86_64) is GNU ld
configure:14991: result: yes
configure:15046: checking whether the g++ linker (/usr/bin/ld -m elf_x86_64) supports shared libraries
configure:16051: result: yes
configure:16087: g++ -c -g -O2 -Wall -Wextra -fvisibility=hidden  conftest.cpp >&5
configure:16090: $? = 0
configure:16610: checking for g++ option to produce PIC
configure:16617: result: -fPIC -DPIC
configure:16625: checking if g++ PIC flag -fPIC -DPIC works
configure:16643: g++ -c -g -O2 -Wall -Wextra -fvisibility=hidden  -fPIC -DPIC -DPIC conftest.cpp >&5
configure:16647: $? = 0
configure:16660: result: yes
configure:16683: checking if g++ static flag -static works
configure:16711: result: yes
configure:16723: checking if g++ supports -c -o file.o
configure:16744: g++ -c -g -O2 -Wall -Wextra -fvisibility=hidden  -o out/conftest2.o conftest.cpp >&5
configure:16748: $? = 0
configure:16770: result: yes
configure:16775: checking if g++ supports -c -o file.o
configure:16822: result: yes
configure:16852: checking whether the g++ linker (/usr/bin/ld -m elf_x86_64) supports shared libraries
configure:16888: result: yes
configure:17029: checking dynamic linker characteristics
configure:17696: result: GNU/Linux ld.so
configure:17749: checking how to hardcode library paths into programs
configure:17774: result: immediate
configure:17941: checking that generated files are newer than configure
configure:17947: result: done
configure:18006: creating ./config.status

## ---------------------- ##
## Running config.status. ##
## ---------------------- ##

This file was extended by SoftHSM config.status 2.3.0, which was
generated by GNU Autoconf 2.69.  Invocation command line was

  CONFIG_FILES    = 
  CONFIG_HEADERS  = 
  CONFIG_LINKS    = 
  CONFIG_COMMANDS = 
  $ ./config.status 

on caubexudua-Nitro-AN515-55

config.status:1230: creating Makefile
config.status:1230: creating softhsm2.module
config.status:1230: creating src/Makefile
config.status:1230: creating src/lib/Makefile
config.status:1230: creating src/lib/common/Makefile
config.status:1230: creating src/lib/common/softhsm2.conf
config.status:1230: creating src/lib/common/softhsm2.conf.5
config.status:1230: creating src/lib/crypto/Makefile
config.status:1230: creating src/lib/crypto/test/Makefile
config.status:1230: creating src/lib/data_mgr/Makefile
config.status:1230: creating src/lib/data_mgr/test/Makefile
config.status:1230: creating src/lib/object_store/Makefile
config.status:1230: creating src/lib/object_store/test/Makefile
config.status:1230: creating src/lib/session_mgr/Makefile
config.status:1230: creating src/lib/session_mgr/test/Makefile
config.status:1230: creating src/lib/slot_mgr/Makefile
config.status:1230: creating src/lib/slot_mgr/test/Makefile
config.status:1230: creating src/lib/handle_mgr/Makefile
config.status:1230: creating src/lib/handle_mgr/test/Makefile
config.status:1230: creating src/lib/test/Makefile
config.status:1230: creating src/lib/test/softhsm2.conf
config.status:1230: creating src/lib/test/softhsm2-alt.conf
config.status:1230: creating src/lib/test/tokens/dummy
config.status:1230: creating src/bin/Makefile
config.status:1230: creating src/bin/common/Makefile
config.status:1230: creating src/bin/dump/Makefile
config.status:1230: creating src/bin/keyconv/Makefile
config.status:1230: creating src/bin/migrate/Makefile
config.status:1230: creating src/bin/util/Makefile
config.status:1230: creating config.h
config.status:1459: executing depfiles commands
config.status:1459: executing libtool commands

## ---------------- ##
## Cache variables. ##
## ---------------- ##

ac_cv_build=x86_64-unknown-linux-gnu
ac_cv_c_compiler_gnu=yes
ac_cv_cxx_compiler_gnu=yes
ac_cv_env_CCC_set=
ac_cv_env_CCC_value=
ac_cv_env_CC_set=
ac_cv_env_CC_value=
ac_cv_env_CFLAGS_set=
ac_cv_env_CFLAGS_value=
ac_cv_env_CPPFLAGS_set=
ac_cv_env_CPPFLAGS_value=
ac_cv_env_CPP_set=
ac_cv_env_CPP_value=
ac_cv_env_CXXCPP_set=
ac_cv_env_CXXCPP_value=
ac_cv_env_CXXFLAGS_set=
ac_cv_env_CXXFLAGS_value=
ac_cv_env_CXX_set=
ac_cv_env_CXX_value=
ac_cv_env_LDFLAGS_set=
ac_cv_env_LDFLAGS_value=
ac_cv_env_LIBS_set=
ac_cv_env_LIBS_value=
ac_cv_env_build_alias_set=
ac_cv_env_build_alias_value=
ac_cv_env_host_alias_set=
ac_cv_env_host_alias_value=
ac_cv_env_target_alias_set=
ac_cv_env_target_alias_value=
ac_cv_func_dlopen=yes
ac_cv_func_getpwuid_r=yes
ac_cv_header_dlfcn_h=yes
ac_cv_header_inttypes_h=yes
ac_cv_header_memory_h=yes
ac_cv_header_openssl_ssl_h=yes
ac_cv_header_pthread_h=yes
ac_cv_header_stdc=yes
ac_cv_header_stdint_h=yes
ac_cv_header_stdlib_h=yes
ac_cv_header_string_h=yes
ac_cv_header_strings_h=yes
ac_cv_header_sys_mman_h=yes
ac_cv_header_sys_stat_h=yes
ac_cv_header_sys_types_h=yes
ac_cv_header_unistd_h=yes
ac_cv_host=x86_64-unknown-linux-gnu
ac_cv_lib_crypto_BN_new=yes
ac_cv_objext=o
ac_cv_path_EGREP='/usr/bin/grep -E'
ac_cv_path_FGREP='/usr/bin/grep -F'
ac_cv_path_GREP=/usr/bin/grep
ac_cv_path_PKGCONFIG=/usr/bin/pkg-config
ac_cv_path_PKG_CONFIG=/usr/bin/pkg-config
ac_cv_path_SED=/usr/bin/sed
ac_cv_path_install='/usr/bin/install -c'
ac_cv_path_mkdir=/usr/bin/mkdir
ac_cv_prog_AWK=mawk
ac_cv_prog_CPP='gcc -E'
ac_cv_prog_CXXCPP='g++ -E'
ac_cv_prog_ac_ct_AR=ar
ac_cv_prog_ac_ct_CC=gcc
ac_cv_prog_ac_ct_CXX=g++
ac_cv_prog_ac_ct_MANIFEST_TOOL=mt
ac_cv_prog_ac_ct_OBJDUMP=objdump
ac_cv_prog_ac_ct_RANLIB=ranlib
ac_cv_prog_ac_ct_STRIP=strip
ac_cv_prog_cc_c89=
ac_cv_prog_cc_g=yes
ac_cv_prog_cxx_g=yes
ac_cv_prog_make_make_set=yes
am_cv_CC_dependencies_compiler_type=gcc3
am_cv_CXX_dependencies_compiler_type=gcc3
am_cv_make_support_nested_variables=yes
am_cv_prog_cc_c_o=yes
ax_cv_cxx_compile_cxx11=yes
lt_cv_ar_at_file=@
lt_cv_archive_cmds_need_lc=no
lt_cv_deplibs_check_method=pass_all
lt_cv_file_magic_cmd='$MAGIC_CMD'
lt_cv_file_magic_test_file=
lt_cv_ld_reload_flag=-r
lt_cv_nm_interface='BSD nm'
lt_cv_objdir=.libs
lt_cv_path_LD=/usr/bin/ld
lt_cv_path_LDCXX='/usr/bin/ld -m elf_x86_64'
lt_cv_path_NM='/usr/bin/nm -B'
lt_cv_path_mainfest_tool=no
lt_cv_prog_compiler_c_o=yes
lt_cv_prog_compiler_c_o_CXX=yes
lt_cv_prog_compiler_pic='-fPIC -DPIC'
lt_cv_prog_compiler_pic_CXX='-fPIC -DPIC'
lt_cv_prog_compiler_pic_works=yes
lt_cv_prog_compiler_pic_works_CXX=yes
lt_cv_prog_compiler_rtti_exceptions=no
lt_cv_prog_compiler_static_works=yes
lt_cv_prog_compiler_static_works_CXX=yes
lt_cv_prog_gnu_ld=yes
lt_cv_prog_gnu_ldcxx=yes
lt_cv_sharedlib_from_linklib_cmd='printf %s\n'
lt_cv_shlibpath_overrides_runpath=yes
lt_cv_sys_global_symbol_pipe='sed -n -e '\''s/^.*[	 ]\([ABCDGIRSTW][ABCDGIRSTW]*\)[	 ][	 ]*\([_A-Za-z][_A-Za-z0-9]*\)$/\1 \2 \2/p'\'' | sed '\''/ __gnu_lto/d'\'''
lt_cv_sys_global_symbol_to_c_name_address='sed -n -e '\''s/^: \([^ ]*\)[ ]*$/  {\"\1\", (void *) 0},/p'\'' -e '\''s/^[ABCDGIRSTW]* \([^ ]*\) \([^ ]*\)$/  {"\2", (void *) \&\2},/p'\'''
lt_cv_sys_global_symbol_to_c_name_address_lib_prefix='sed -n -e '\''s/^: \([^ ]*\)[ ]*$/  {\"\1\", (void *) 0},/p'\'' -e '\''s/^[ABCDGIRSTW]* \([^ ]*\) \(lib[^ ]*\)$/  {"\2", (void *) \&\2},/p'\'' -e '\''s/^[ABCDGIRSTW]* \([^ ]*\) \([^ ]*\)$/  {"lib\2", (void *) \&\2},/p'\'''
lt_cv_sys_global_symbol_to_cdecl='sed -n -e '\''s/^T .* \(.*\)$/extern int \1();/p'\'' -e '\''s/^[ABCDGIRSTW]* .* \(.*\)$/extern char \1;/p'\'''
lt_cv_sys_max_cmd_len=1572864
lt_cv_to_host_file_cmd=func_convert_file_noop
lt_cv_to_tool_file_cmd=func_convert_file_noop

## ----------------- ##
## Output variables. ##
## ----------------- ##

ACLOCAL='${SHELL} /home/caubexudua/softhsm-2.3.0/missing aclocal-1.14'
AMDEPBACKSLASH='\'
AMDEP_FALSE='#'
AMDEP_TRUE=''
AMTAR='$${TAR-tar}'
AM_BACKSLASH='\'
AM_DEFAULT_V='$(AM_DEFAULT_VERBOSITY)'
AM_DEFAULT_VERBOSITY='1'
AM_V='$(V)'
AR='ar'
AUTOCONF='${SHELL} /home/caubexudua/softhsm-2.3.0/missing autoconf'
AUTOHEADER='${SHELL} /home/caubexudua/softhsm-2.3.0/missing autoheader'
AUTOMAKE='${SHELL} /home/caubexudua/softhsm-2.3.0/missing automake-1.14'
AWK='mawk'
BOTAN_INCLUDES=''
BOTAN_LIBS=''
BOTAN_VERSION_MAJOR=''
BOTAN_VERSION_MINOR=''
BUILD_MIGRATE_FALSE=''
BUILD_MIGRATE_TRUE='#'
BUILD_OBJECTSTORE_BACKEND_DB_FALSE=''
BUILD_OBJECTSTORE_BACKEND_DB_TRUE='#'
CC='gcc'
CCDEPMODE='depmode=gcc3'
CFLAGS='-g -O2 -pedantic -Wall -Wextra -fvisibility=hidden'
CPP='gcc -E'
CPPFLAGS=''
CPPUNIT_CFLAGS=''
CPPUNIT_CONFIG=''
CPPUNIT_LIBS=''
CRYPTO_INCLUDES='-I/usr/local/include'
CRYPTO_LIBS='-L/usr/local/lib -lcrypto'
CXX='g++'
CXXCPP='g++ -E'
CXXDEPMODE='depmode=gcc3'
CXXFLAGS='-g -O2 -Wall -Wextra -fvisibility=hidden'
CYGPATH_W='echo'
DEFS='-DHAVE_CONFIG_H'
DEPDIR='.deps'
DLLTOOL='false'
DSYMUTIL=''
DUMPBIN=''
ECHO_C=''
ECHO_N='-n'
ECHO_T=''
EGREP='/usr/bin/grep -E'
EXEEXT=''
FGREP='/usr/bin/grep -F'
GREP='/usr/bin/grep'
HAVE_CXX11='1'
INSTALL_DATA='${INSTALL} -m 644'
INSTALL_PROGRAM='${INSTALL}'
INSTALL_SCRIPT='${INSTALL}'
INSTALL_STRIP_PROGRAM='$(install_sh) -c -s'
LD='/usr/bin/ld -m elf_x86_64'
LDFLAGS=''
LIBOBJS=''
LIBS=''
LIBTOOL='$(SHELL) $(top_builddir)/libtool'
LIPO=''
LN_S='ln -s'
LTLIBOBJS=''
MAKEINFO='${SHELL} /home/caubexudua/softhsm-2.3.0/missing makeinfo'
MANIFEST_TOOL=':'
MKDIR_P='/usr/bin/mkdir -p'
NM='/usr/bin/nm -B'
NMEDIT=''
OBJDUMP='objdump'
OBJEXT='o'
OPENSSL_INCLUDES='-I/usr/local/include'
OPENSSL_LIBS='-L/usr/local/lib -lcrypto'
OTOOL64=''
OTOOL=''
P11KIT_PATH=''
PACKAGE='softhsm'
PACKAGE_BUGREPORT=''
PACKAGE_NAME='SoftHSM'
PACKAGE_STRING='SoftHSM 2.3.0'
PACKAGE_TARNAME='softhsm'
PACKAGE_URL=''
PACKAGE_VERSION='2.3.0'
PATH_SEPARATOR=':'
PKGCONFIG='/usr/bin/pkg-config'
PKG_CONFIG='/usr/bin/pkg-config'
RANLIB='ranlib'
SED='/usr/bin/sed'
SET_MAKE=''
SHELL='/bin/bash'
SQLITE3=''
SQLITE3_INCLUDES=''
SQLITE3_LIBS=''
STRIP='strip'
VERSION='2.3.0'
VERSION_INFO='2:3:1'
WITH_BOTAN_FALSE=''
WITH_BOTAN_TRUE='#'
WITH_ECC_FALSE='#'
WITH_ECC_TRUE=''
WITH_GOST_FALSE=''
WITH_GOST_TRUE='#'
WITH_OPENSSL_FALSE='#'
WITH_OPENSSL_TRUE=''
WITH_P11KIT_FALSE=''
WITH_P11KIT_TRUE='#'
YIELD_LIB=''
ac_ct_AR='ar'
ac_ct_CC='gcc'
ac_ct_CXX='g++'
ac_ct_DUMPBIN=''
am__EXEEXT_FALSE=''
am__EXEEXT_TRUE='#'
am__fastdepCC_FALSE='#'
am__fastdepCC_TRUE=''
am__fastdepCXX_FALSE='#'
am__fastdepCXX_TRUE=''
am__include='include'
am__isrc=''
am__leading_dot='.'
am__nodep='_no'
am__quote=''
am__tar='$${TAR-tar} chof - "$$tardir"'
am__untar='$${TAR-tar} xf -'
bindir='${exec_prefix}/bin'
build='x86_64-unknown-linux-gnu'
build_alias=''
build_cpu='x86_64'
build_os='linux-gnu'
build_vendor='unknown'
datadir='${datarootdir}'
datarootdir='${prefix}/share'
default_softhsm2_conf='/etc/softhsm2.conf'
default_softhsm2_lib='/usr/local/lib/softhsm/libsofthsm2.so'
docdir='${datarootdir}/doc/${PACKAGE_TARNAME}'
dvidir='${docdir}'
exec_prefix='${prefix}'
host='x86_64-unknown-linux-gnu'
host_alias=''
host_cpu='x86_64'
host_os='linux-gnu'
host_vendor='unknown'
htmldir='${docdir}'
includedir='${prefix}/include'
infodir='${datarootdir}/info'
install_sh='${SHELL} /home/caubexudua/softhsm-2.3.0/install-sh'
libdir='/usr/local/lib/softhsm'
libexecdir='${exec_prefix}/libexec'
localedir='${datarootdir}/locale'
localstatedir='/var'
mandir='${datarootdir}/man'
mkdir_p='$(MKDIR_P)'
oldincludedir='/usr/include'
pdfdir='${docdir}'
prefix='/usr/local'
program_transform_name='s,x,x,'
psdir='${docdir}'
sbindir='${exec_prefix}/sbin'
sharedstatedir='${prefix}/com'
softhsmtokendir='/var/lib/softhsm/tokens/'
sysconfdir='/etc'
target_alias=''

## ----------- ##
## confdefs.h. ##
## ----------- ##

/* confdefs.h */
#define PACKAGE_NAME "SoftHSM"
#define PACKAGE_TARNAME "softhsm"
#define PACKAGE_VERSION "2.3.0"
#define PACKAGE_STRING "SoftHSM 2.3.0"
#define PACKAGE_BUGREPORT ""
#define PACKAGE_URL ""
#define PACKAGE "softhsm"
#define VERSION "2.3.0"
#define HAVE_CXX11 1
#define HAVE_DLOPEN 1
#define STDC_HEADERS 1
#define HAVE_SYS_TYPES_H 1
#define HAVE_SYS_STAT_H 1
#define HAVE_STDLIB_H 1
#define HAVE_STRING_H 1
#define HAVE_MEMORY_H 1
#define HAVE_STRINGS_H 1
#define HAVE_INTTYPES_H 1
#define HAVE_STDINT_H 1
#define HAVE_UNISTD_H 1
#define HAVE_PTHREAD_H 1
#define WITH_ECC /**/
#define HAVE_OPENSSL_SSL_H 1
#define HAVE_LIBCRYPTO 1
#define HAVE_AES_KEY_WRAP 1
#define HAVE_AES_KEY_WRAP_PAD 1
#define WITH_OPENSSL /**/
#define SENSITIVE_NON_PAGE /**/
#define HAVE_SYS_MMAN_H 1
#define CRYPTOKI_VISIBILITY 1
#define HAVE_GETPWUID_R 1
#define VERSION_MAJOR 2
#define VERSION_MINOR 3
#define MAX_PIN_LEN 255
#define MIN_PIN_LEN 4
#define DEFAULT_SOFTHSM2_CONF "/etc/softhsm2.conf"
#define DEFAULT_TOKENDIR "/var/lib/softhsm/tokens/"
#define DEFAULT_OBJECTSTORE_BACKEND "file"
#define DEFAULT_LOG_LEVEL "INFO"
#define DEFAULT_PKCS11_LIB "/usr/local/lib/softhsm/libsofthsm2.so"
#define HAVE_DLFCN_H 1
#define LT_OBJDIR ".libs/"

configure: exit 0
